<?xml version="1.0" encoding="UTF-8"?>
<!-- Generated by org.testng.reporters.JUnitReportReporter -->
<testsuite hostname="DESKTOP-MM72A1T" failures="0" tests="13" name="com.UrbanLadderCompProject.runner.HomePageRunner" time="383.321" errors="0" timestamp="2021-09-27T11:18:25 IST" skipped="0">
  <testcase classname="com.UrbanLadderCompProject.runner.HomePageRunner" name="Subskribe" time="22.099"/>
  <system-out/>
  <testcase classname="com.UrbanLadderCompProject.runner.HomePageRunner" name="Subskribe" time="22.337"/>
  <system-out/>
  <testcase classname="com.UrbanLadderCompProject.runner.HomePageRunner" name="Subskribe" time="25.725"/>
  <system-out/>
  <testcase classname="com.UrbanLadderCompProject.runner.HomePageRunner" name="ShoeRackProps" time="25.388"/>
  <system-out/>
  <testcase classname="com.UrbanLadderCompProject.runner.HomePageRunner" name="ClickingCheckBoxes" time="31.918"/>
  <system-out/>
  <testcase classname="com.UrbanLadderCompProject.runner.HomePageRunner" name="YouTubeViewsCount" time="36.718"/>
  <system-out/>
  <testcase classname="com.UrbanLadderCompProject.runner.HomePageRunner" name="GiftCards" time="28.630"/>
  <system-out/>
  <testcase classname="com.UrbanLadderCompProject.runner.HomePageRunner" name="CountOfItem" time="33.312"/>
  <system-out/>
  <testcase classname="com.UrbanLadderCompProject.runner.HomePageRunner" name="ChatBox" time="33.426"/>
  <system-out/>
  <testcase classname="com.UrbanLadderCompProject.runner.HomePageRunner" name="CheckOut" time="43.689"/>
  <system-out/>
  <testcase classname="com.UrbanLadderCompProject.runner.HomePageRunner" name="OrderCheck" time="27.038"/>
  <system-out/>
  <testcase classname="com.UrbanLadderCompProject.runner.HomePageRunner" name="OrderCheck" time="26.718"/>
  <system-out/>
  <testcase classname="com.UrbanLadderCompProject.runner.HomePageRunner" name="Warranty" time="26.323"/>
  <system-out/>
</testsuite> <!-- com.UrbanLadderCompProject.runner.HomePageRunner -->
